<?xml version="1.0" encoding="UTF-8"?>
<testsuite xmlns:xsi="http://www.w3.org/2001/XMLSchema-instance" xsi:noNamespaceSchemaLocation="https://maven.apache.org/surefire/maven-surefire-plugin/xsd/surefire-test-report-3.0.xsd" version="3.0" name="br.com.apstestesoftware.CorreioTest" time="0.443" tests="1" errors="1" skipped="0" failures="0">
  <properties>
[...]
</properties>
  <testcase name="testBuscaEndereco" classname="br.com.apstestesoftware.CorreioTest" time="0.406">
    <error message="&#10;Mockito cannot mock this class: class br.com.apstestesoftware.entities.CorreioService.&#10;&#10;Mockito can only mock non-private &amp; non-final classes.&#10;If you&apos;re not sure why you&apos;re getting this error, please report to the mailing list.&#10;&#10;&#10;Java               : 17&#10;JVM vendor name    : Eclipse Adoptium&#10;JVM vendor version : 17.0.6+10&#10;JVM name           : OpenJDK 64-Bit Server VM&#10;JVM version        : 17.0.6+10&#10;JVM info           : mixed mode&#10;OS name            : Windows 11&#10;OS version         : 10.0&#10;&#10;&#10;Underlying exception : java.lang.IllegalArgumentException: Could not create type" type="org.mockito.exceptions.base.MockitoException"><![CDATA[org.mockito.exceptions.base.MockitoException: 

Mockito cannot mock this class: class br.com.apstestesoftware.entities.CorreioService.

Mockito can only mock non-private & non-final classes.
If you're not sure why you're getting this error, please report to the mailing list.


Java               : 17
JVM vendor name    : Eclipse Adoptium
JVM vendor version : 17.0.6+10
JVM name           : OpenJDK 64-Bit Server VM
JVM version        : 17.0.6+10
JVM info           : mixed mode
OS name            : Windows 11
OS version         : 10.0


Underlying exception : java.lang.IllegalArgumentException: Could not create type
	at br.com.apstestesoftware.CorreioTest.testBuscaEndereco(CorreioTest.java:16)
Caused by: java.lang.IllegalArgumentException: Could not create type
	at br.com.apstestesoftware.CorreioTest.testBuscaEndereco(CorreioTest.java:16)
Caused by: java.lang.NoSuchMethodError: 'net.bytebuddy.dynamic.loading.MultipleParentClassLoader$Builder net.bytebuddy.dynamic.loading.MultipleParentClassLoader$Builder.appendMostSpecific(java.lang.Class[])'
	at br.com.apstestesoftware.CorreioTest.testBuscaEndereco(CorreioTest.java:16)
]]></error>
  </testcase>
</testsuite>